- Pascal-FC for IBM PC compatibles - 
- GNU Compiler Version P5.2

G L Davies  &  A Burns, University of York

Compiler listing

    1     0 program segundasolucionSincBar;
    2     0 
    3     0 const NPR=10;
    4     0 var
    5     0 sbarrera:semaphore;
    6     0 nProcesos:integer;
    7     0 mutexNP:semaphore; 
    8     0 
    9     0 process type tProceso;
   10     0 var i:integer;
   11     0 begin
   12     0 repeat
   13     0 write('A');
   14     2 wait(mutexNP);
   15     4 nProcesos:=nProcesos+1;
   16     9 
   17     9 if nProcesos = NPR then
   18    13 begin
   19    13  for i:=1 to NPR do
   20    17  
   21    17 end;
   22    18 signal(sbarrera);
   23    20 wait(sbarrera);
   24    22 write('B');
   25    24 forever;
   26    25 end;
   27    26 
   28    26 (*Podemos hacer un write del valor del semaforo*)
   29    26 (*write(sbarrera);*)
   30    26 var 
   31    26 proc:array [1..NPR] of tProceso;
   32    26 i:integer;
   33    26 begin
   34    26 initial(sbarrera,0);
   35    30 nProcesos:=0;
   36    33 initial(mutexNP,1);
   37    37 cobegin
   38    38 for i:=1 to NPR do
   39    42  proc[i];
   40    49 coend;
   41    50 end.



Symbol table

    name       link      objekt       type         ref      nrm  lev  adr  aux

 45 _main        44     procedure   notyp           2      True    0   26    0
 46 any           0     variable    synch           0      True    1    5    0
 47 npr          46     constant    integer         0     False    1   10    0
 48 sbarrera     47     variable    semaphore       0      True    1    5    0
 49 nprocesos    48     variable    integer         0      True    1    6    0
 50 mutexnp      49     variable    semaphore       0      True    1    7    0
 51 tproceso     50     type id     process         3      True    1    0    0
 52 i             0     variable    integer         0      True    2    5    0
 53 proc         51     variable    array           1      True    1    8    0
 54 i            53     variable    integer         0      True    1   18    0

Generated P-code

    0     ldcon.c      0        65          ;13
    1     wrval.c      0         0          ;13
    2     ldadr        1         7          ;14
    3     swait        0         0          ;14
    4     ldadr        1         6          ;14
    5     ldval.i      1         6          ;15
    6     ldcon.i      0         1          ;15
    7     addop.i      0         0          ;15
    8     store.i      0         0          ;15
    9     ldval.i      1         6          ;17
   10     ldcon.i      0        10          ;17
   11     releq.i      0         0          ;17
   12     jmpiz        0        18          ;17
   13     ldadr        2         5          ;18
   14     ldcon.i      0         1          ;19
   15     ldcon.i      0        10          ;19
   16     for1u.i      0        18          ;19
   17     for2u.i      0        17          ;19
   18     ldadr        1         5          ;22
   19     signl        0         0          ;22
   20     ldadr        1         5          ;23
   21     swait        0         0          ;23
   22     ldcon.c      0        66          ;24
   23     wrval.c      0         0          ;24
   24     jmpuc        0         0          ;24
   25     rproc        1         0          ;25
   26     ldadr        1         5          ;34
   27     ldcon.i      0         0          ;34
   28     lobnd.i      0         0          ;34
   29     sinit        0         0          ;34
   30     ldadr        1         6          ;34
   31     ldcon.i      0         0          ;35
   32     store.i      0         0          ;35
   33     ldadr        1         7          ;36
   34     ldcon.i      0         1          ;36
   35     lobnd.i      0         0          ;36
   36     sinit        0         0          ;36
   37     cobeg        0         0          ;36
   38     ldadr        1        18          ;37
   39     ldcon.i      0         1          ;38
   40     ldcon.i      0        10          ;38
   41     for1u.i      0        49          ;38
   42     mkstk        1        51          ;38
   43     ldadr        1         8          ;38
   44     ldval.i      1        18          ;39
   45     ixary.i      0         1          ;39
   46     procv        0         0          ;39
   47     calls        1         4          ;39
   48     for2u.i      0        42          ;39
   49     coend        0         0          ;39
   50     stopx        0         0          ;40
