- Pascal-FC for IBM PC compatibles - 
- GNU Compiler Version P5.2

G L Davies  &  A Burns, University of York

Compiler listing

    1     0 program segundasolucionSincBar;
    2     0 {Barrera reentrante con bucle}
    3     0 {Adaptar programa pag 31}
    4     0 const NPR=10;
    5     0 var
    6     0 
    7     0 tonor1,torno2:semaphore;
    8     0 cont:integer;
    9     0 mutexNP:semaphore; 
   10     0 
   11     0 process type tProceso(id:integer);
   12     0 var j:integer;
   13     0 begin
   14     0 for j:=1 to 100
   15     3 begin
***********     ^17 
   16     4 
   17     4 
   18     4 wait(mutexNP);
   19     6 write('A',id);
   20    10 cont:=cont+1;
   21    15 
   22    15 if (cont=NPR) then
   23    19 
   24    19 
   25    19 
   26    19 
   27    19 nProcesos:=nProcesos+1;
***********         ^ 0 -----------
   28    19 signal(mutexNP);
   29    21 if nProcesos = NPR then
***********            ^ 0 
   30    24  for i:=1 to NPR do
***********      ^ 0 
   31    27  signal(sbarrera);
***********                ^ 0 
   32    28 wait(sbarrera);
***********             ^ 0 
   33    28 write('B');
   34    30 end;
   35    31 
   36    31 (*Podemos hacer un write del valor del semaforo*)
   37    31 (*write(sbarrera);*)
   38    31 var 
***********   ^20 
   39    32 proc:array [1..NPR] of tProceso;
   40    32 i:integer;
   41    32 begin
   42    32 initial(sbarrera,0);
***********                ^ 0 -
   43    32 nProcesos:=0;
***********         ^ 0 -
   44    32 initial(mutexNP,1);
   45    36 cobegin
   46    37 for i:=1 to NPR do
   47    41  proc[i];
***********         ^24 
   48    48 coend;
   49    49 end.

 Error diagnostics

E0 -  undeclared identifier
E17 -  'do' expected
E20 -  'end' expected
E24 -  error in parameter list



Symbol table

    name       link      objekt       type         ref      nrm  lev  adr  aux

 45 _main        44     procedure   notyp           2      True    0   32    0
 46 any           0     variable    synch           0      True    1    5    0
 47 npr          46     constant    integer         0     False    1   10    0
 48 tonor1       47     variable    semaphore       0      True    1    5    0
 49 torno2       48     variable    semaphore       0      True    1    6    0
 50 cont         49     variable    integer         0      True    1    7    0
 51 mutexnp      50     variable    semaphore       0      True    1    8    0
 52 tproceso     51     type id     process         3      True    1    0    0
 53 id            0     variable    integer         0      True    2    5    0
 54 j            53     variable    integer         0      True    2    6    0
 55 proc         52     variable    array           1      True    1    9    0
 56 i            55     variable    integer         0      True    1   19    0

Generated P-code

    0     ldadr        2         6          ;13
    1     ldcon.i      0         1          ;14
    2     ldcon.i      0       100          ;14
    3     for1u.i      0        31          ;14
    4     ldadr        1         8          ;18
    5     swait        0         0          ;18
    6     ldcon.c      0        65          ;19
    7     wrval.c      0         0          ;19
    8     ldval.i      2         5          ;19
    9     wrval.i      0         0          ;19
   10     ldadr        1         7          ;19
   11     ldval.i      1         7          ;20
   12     ldcon.i      0         1          ;20
   13     addop.i      0         0          ;20
   14     store.i      0         0          ;20
   15     ldval.i      1         7          ;22
   16     ldcon.i      0        10          ;22
   17     releq.i      0         0          ;22
   18     jmpiz        0        19          ;22
   19     ldadr        1         8          ;28
   20     signl        0         0          ;28
   21     ldval        0         0          ;29
   22     ldcon.i      0        10          ;29
   23     jmpiz        0        28          ;29
   24     ldcon.i      0         1          ;30
   25     ldcon.i      0        10          ;30
   26     for1u        0        28          ;30
   27     for2u        0        27          ;31
   28     ldcon.c      0        66          ;33
   29     wrval.c      0         0          ;33
   30     for2u.i      0         4          ;33
   31     rproc        1         0          ;34
   32     ldadr        1         8          ;44
   33     ldcon.i      0         1          ;44
   34     lobnd.i      0         0          ;44
   35     sinit        0         0          ;44
   36     cobeg        0         0          ;44
   37     ldadr        1        19          ;45
   38     ldcon.i      0         1          ;46
   39     ldcon.i      0        10          ;46
   40     for1u.i      0        48          ;46
   41     mkstk        1        52          ;46
   42     ldadr        1         9          ;46
   43     ldval.i      1        19          ;47
   44     ixary.i      0         1          ;47
   45     procv        0         0          ;47
   46     calls        1         5          ;47
   47     for2u.i      0        41          ;47
   48     coend        0         0          ;47
   49     stopx        0         0          ;48
