- Pascal-FC for IBM PC compatibles - 
- GNU Compiler Version P5.2

G L Davies  &  A Burns, University of York

Compiler listing

    1     0 program jardinMon;
    2     0 
    3     0 { El monitor tndrá un atributo, el contador
    4     0 y una serie de procedimientos, asaber:
    5     0 - entrada; incrementa la variable compartida
    6     0 - muestraOcupacion: indica el numero de gente dentro del jardin
    7     0 }
    8     0 
    9     0 monitor jardinM;
   10     0 export entrada,muestra;
   11     0 var contador: integer;
   12     0 
   13     0 procedure entrada;
   14     0  begin
   15     0  contador:= contador +1;
   16     5  end;
   17     6 
   18     6 procedure muestra;
   19     6 begin
   20     6  writeln(contador);
   21     9 end;
   22    10 
   23    10 begin
   24    11 contador:= 0;
   25    14 end;
   26    15 
   27    15 process type Ttorno;
   28    15 var i: integer;
   29    15 begin
   30    15  for i:=1 to 20 do
   31    19   jardinM.entrada;
   32    25 end;
   33    26 
   34    26 var torno1, torno2:Ttorno;
   35    26 begin
   36    27  cobegin
   37    28   torno1;
   38    32   torno2;
   39    36  coend;
   40    37  jardinM.muestra;
   41    42 end.



Symbol table

    name       link      objekt       type         ref      nrm  lev  adr  aux

 45 _main        44     procedure   notyp           2      True    0   26    0
 46 any           0     variable    synch           0      True    1    5    0
 47 jardinm      46     variable    monvar          3      True    1    5   10
 48 contador      0     variable    integer         0      True    1    7    0
 49 entrada      48     monproc     notyp           4      True    2    0    0
 50 muestra      49     monproc     notyp           5      True    2    6    0
 51 ttorno       47     type id     process         6      True    1   15    0
 52 i             0     variable    integer         0      True    2    5    0
 53 torno1       51     variable    process         6      True    1    8    0
 54 torno2       53     variable    process         6      True    1    9    0

Generated P-code

    0     ldadr        1         7          ;14
    1     ldval.i      1         7          ;15
    2     ldcon.i      0         1          ;15
    3     addop.i      0         0          ;15
    4     store.i      0         0          ;15
    5     rproc        0         0          ;15
    6     ldval.i      1         7          ;20
    7     wrval.i      0         0          ;20
    8     wrlin        0         0          ;20
    9     rproc        0         0          ;20
   10     prsel        0         0          ;21
   11     ldadr        1         7          ;23
   12     ldcon.i      0         0          ;24
   13     store.i      0         0          ;24
   14     mretn        0         0          ;24
   15     ldadr        2         5          ;29
   16     ldcon.i      0         1          ;30
   17     ldcon.i      0        20          ;30
   18     for1u.i      0        25          ;30
   19     ldadr        1         5          ;31
   20     enmon        0         0          ;31
   21     mkstk        0        49          ;31
   22     calls        0         4          ;31
   23     exmon        0         0          ;31
   24     for2u.i      0        19          ;31
   25     rproc        1         0          ;31
   26     mexec        0        11          ;34
   27     cobeg        0         0          ;34
   28     mkstk        1        51          ;36
   29     ldadr        1         8          ;36
   30     procv        0         0          ;36
   31     calls        1         4          ;36
   32     mkstk        1        51          ;37
   33     ldadr        1         9          ;37
   34     procv        0         0          ;37
   35     calls        1         4          ;37
   36     coend        0         0          ;38
   37     ldadr        1         5          ;40
   38     enmon        0         0          ;40
   39     mkstk        0        50          ;40
   40     calls        0         4          ;40
   41     exmon        0         0          ;40
   42     stopx        0         0          ;40
