- Pascal-FC for IBM PC compatibles - 
- GNU Compiler Version P5.2

G L Davies  &  A Burns, University of York

Compiler listing

    1     0 (*Productor/Consumidor con monitores, correcto, preExamen*)
    2     0 program monProdcons;
    3     0 
    4     0 monitor tBuffer;
    5     0  export insertar, extraer;
    6     0  const N=10;
    7     0  var ocup,frente,cola : integer;
    8     0  lleno,vacio: condition;
    9     0  recurso: array [0..N] of integer;
   10     0 
   11     0  procedure insertar (item: integer; id: integer);
   12     0  begin
   13     0   if ocup=N then delay(lleno);
   14     6   writeln('Process prod ',id,' inserting ',item);
   15    15   recurso[cola]:= item;
   16    20   cola:=(cola+1) mod N;
   17    27   ocup:=ocup+1;
   18    32   resume(vacio);
   19    34  end;
   20    35  procedure extraer(id: integer);
   21    35  begin
   22    35   if ocup=0 then delay(vacio);
   23    41   writeln('Process cons ',id,' extracting ',recurso[frente]);
   24    53   frente:=(frente+1) mod N;
   25    60   ocup:=ocup-1;
   26    65   resume(lleno);
   27    67  end;
   28    68 begin
   29    69  frente:=0;
   30    72  cola:=0;
   31    75  ocup:=0;
   32    78 end;
   33    79 
   34    79 process type cons(id:integer); begin
   35    79  tBuffer.extraer(id);
   36    85 end;
   37    86 
   38    86 process type prod(id:integer); begin
   39    86  tBuffer.insertar(random(50),id);
   40    94 end;
   41    95 
   42    95 var
   43    95  i:integer;
   44    95  prods:array [1..5] of prod;
   45    95  conss:array [1..3] of cons;
   46    95 begin
   47    96  cobegin
   48    97   for i:=1 to 5 do
   49   101    prods[i](i);
   50   109   for i:=1 to 3 do
   51   113    conss[i](i);
   52   121  coend;
   53   122 end.



Symbol table

    name       link      objekt       type         ref      nrm  lev  adr  aux

 45 _main        44     procedure   notyp           2      True    0   95    0
 46 any           0     variable    synch           0      True    1    5    0
 47 tbuffer      46     variable    monvar          3      True    1    5   68
 48 n             0     constant    integer         0     False    2   10    0
 49 ocup         48     variable    integer         0      True    1    7    0
 50 frente       49     variable    integer         0      True    1    8    0
 51 cola         50     variable    integer         0      True    1    9    0
 52 lleno        51     variable    condition       0      True    1   10    0
 53 vacio        52     variable    condition       0      True    1   11    0
 54 recurso      53     variable    array           1      True    1   12    0
 55 insertar     54     monproc     notyp           4      True    2    0    0
 56 item          0     variable    integer         0      True    3    5    0
 57 id           56     variable    integer         0      True    3    6    0
 58 extraer      55     monproc     notyp           5      True    2   35    0
 59 id            0     variable    integer         0      True    3    5    0
 60 cons         47     type id     process         6      True    1   79    0
 61 id            0     variable    integer         0      True    2    5    0
 62 prod         60     type id     process         7      True    1   86    0
 63 id            0     variable    integer         0      True    2    5    0
 64 i            62     variable    integer         0      True    1   23    0
 65 prods        64     variable    array           2      True    1   24    0
 66 conss        65     variable    array           3      True    1   29    0

Generated P-code

    0     ldval.i      1         7          ;13
    1     ldcon.i      0        10          ;13
    2     releq.i      0         0          ;13
    3     jmpiz        0         6          ;13
    4     ldadr        1        10          ;13
    5     delay        0         0          ;13
    6     ldcon.i      0        13          ;14
    7     wrstr        0         0          ;14
    8     ldval.i      3         6          ;14
    9     wrval.i      0         0          ;14
   10     ldcon.i      0        11          ;14
   11     wrstr        0        13          ;14
   12     ldval.i      3         5          ;14
   13     wrval.i      0         0          ;14
   14     wrlin        0         0          ;14
   15     ldadr        1        12          ;14
   16     ldval.i      1         9          ;15
   17     ixary.i      0         1          ;15
   18     ldval.i      3         5          ;15
   19     store.i      0         0          ;15
   20     ldadr        1         9          ;15
   21     ldval.i      1         9          ;16
   22     ldcon.i      0         1          ;16
   23     addop.i      0         0          ;16
   24     ldcon.i      0        10          ;16
   25     modop.i      0         0          ;16
   26     store.i      0         0          ;16
   27     ldadr        1         7          ;16
   28     ldval.i      1         7          ;17
   29     ldcon.i      0         1          ;17
   30     addop.i      0         0          ;17
   31     store.i      0         0          ;17
   32     ldadr        1        11          ;18
   33     resum        0         0          ;18
   34     rproc        0         0          ;18
   35     ldval.i      1         7          ;22
   36     ldcon.i      0         0          ;22
   37     releq.i      0         0          ;22
   38     jmpiz        0        41          ;22
   39     ldadr        1        11          ;22
   40     delay        0         0          ;22
   41     ldcon.i      0        13          ;23
   42     wrstr        0        24          ;23
   43     ldval.i      3         5          ;23
   44     wrval.i      0         0          ;23
   45     ldcon.i      0        12          ;23
   46     wrstr        0        37          ;23
   47     ldadr        1        12          ;23
   48     ldval.i      1         8          ;23
   49     ixary.i      0         1          ;23
   50     rpadr.i      0         0          ;23
   51     wrval.i      0         0          ;23
   52     wrlin        0         0          ;23
   53     ldadr        1         8          ;23
   54     ldval.i      1         8          ;24
   55     ldcon.i      0         1          ;24
   56     addop.i      0         0          ;24
   57     ldcon.i      0        10          ;24
   58     modop.i      0         0          ;24
   59     store.i      0         0          ;24
   60     ldadr        1         7          ;24
   61     ldval.i      1         7          ;25
   62     ldcon.i      0         1          ;25
   63     subop.i      0         0          ;25
   64     store.i      0         0          ;25
   65     ldadr        1        10          ;26
   66     resum        0         0          ;26
   67     rproc        0         0          ;26
   68     prsel        0         0          ;27
   69     ldadr        1         8          ;28
   70     ldcon.i      0         0          ;29
   71     store.i      0         0          ;29
   72     ldadr        1         9          ;29
   73     ldcon.i      0         0          ;30
   74     store.i      0         0          ;30
   75     ldadr        1         7          ;30
   76     ldcon.i      0         0          ;31
   77     store.i      0         0          ;31
   78     mretn        0         0          ;31
   79     ldadr        1         5          ;35
   80     enmon        0         0          ;35
   81     mkstk        0        58          ;35
   82     ldval.i      2         5          ;35
   83     calls        0         5          ;35
   84     exmon        0         0          ;35
   85     rproc        1         0          ;35
   86     ldadr        1         5          ;39
   87     enmon        0         0          ;39
   88     mkstk        0        55          ;39
   89     ldcon.i      0        50          ;39
   90     stfun.i      0        19          ;39
   91     ldval.i      2         5          ;39
   92     calls        0         6          ;39
   93     exmon        0         0          ;39
   94     rproc        1         0          ;39
   95     mexec        0        69          ;45
   96     cobeg        0         0          ;45
   97     ldadr        1        23          ;47
   98     ldcon.i      0         1          ;48
   99     ldcon.i      0         5          ;48
  100     for1u.i      0       109          ;48
  101     mkstk        1        62          ;48
  102     ldadr        1        24          ;48
  103     ldval.i      1        23          ;49
  104     ixary.i      0         2          ;49
  105     procv        0         0          ;49
  106     ldval.i      1        23          ;49
  107     calls        1         5          ;49
  108     for2u.i      0       101          ;49
  109     ldadr        1        23          ;49
  110     ldcon.i      0         1          ;50
  111     ldcon.i      0         3          ;50
  112     for1u.i      0       121          ;50
  113     mkstk        1        60          ;50
  114     ldadr        1        29          ;50
  115     ldval.i      1        23          ;51
  116     ixary.i      0         3          ;51
  117     procv        0         0          ;51
  118     ldval.i      1        23          ;51
  119     calls        1         5          ;51
  120     for2u.i      0       113          ;51
  121     coend        0         0          ;51
  122     stopx        0         0          ;52
