- Pascal-FC for IBM PC compatibles - 
- GNU Compiler Version P5.2

G L Davies  &  A Burns, University of York

Compiler listing

    1     0 {Ejercicio Jardin con RC}
    2     0 
    3     0 program jardin;
    4     0 
    5     0 var ocup:integer;
    6     0 resource cont:ocup;{Un recurso puede tener asociadas varias variables}
***********              ^ 9 -----------------------------------------------------
    7     1 
    8     1 process torno;
    9     1   var i: integer;
   10     1   begin
   11     1    for  i:= 1 to 20 do
   12     5     begin
   13     5     region cont do
***********          ^ 0  ^ 9 
   14     5      {ocup++;}
   15     5     end;
   16     6   end;
   17     7  
   18     7  begin
   19     7  
   20     7  end.

 Error diagnostics

E0 -  undeclared identifier
E9 -  ';' expected



Symbol table

    name       link      objekt       type         ref      nrm  lev  adr  aux

 45 _main        44     procedure   notyp           2      True    0    7    0
 46 any           0     variable    synch           0      True    1    5    0
 47 ocup         46     variable    integer         0      True    1    5    0
 48 cont         47     variable    resource        3      True    1    6    0
 49 torno        48     variable    process         4      True    1    9    0
 50 $            49     type id     process         4      True    1    1    0
 51 i             0     variable    integer         0      True    2    5    0

Generated P-code

    0     prsel        0         0          ;6
    1     ldadr        2         5          ;10
    2     ldcon.i      0         1          ;11
    3     ldcon.i      0        20          ;11
    4     for1u.i      0         6          ;11
    5     for2u.i      0         5          ;13
    6     rproc        1         0          ;15
    7     stopx        0         0          ;18
