- Pascal-FC for IBM PC compatibles - 
- GNU Compiler Version P5.2

G L Davies  &  A Burns, University of York

Compiler listing

    1     0 program prog;
    2     0 {
    3     0  DadChildren
    4     0  
    5     0  Un padre trabaja en casa y también se encuentra al cuidado
    6     0  de sus hijos.
    7     0  Los hijos continuamente realizan las siguientes tareas.
    8     0  juegan
    9     0  comen
   10     0  duermen
   11     0  Si el niño no encuentra comida avisa al padre. 
   12     0  El niño necesita del padre para levantarse de la siesta
   13     0  
   14     0  El padre se encuentra realizanndo sus tareas (espera pasiva)
   15     0  
   16     0  Y atiende a los niños cuando estos se lo solicitan.
   17     0 }
   18     0 Procedure Juega
   19     0  begin
***********      ^28 
   20     0   writeln("Jugando");
***********           ^27    ^ 0 
   21     3   sleep (Random(5)+2)
   22     8  end
   23     8  
   24     8 procedure come
***********         ^ 9 
   25     9  begin
***********      ^28 
   26     9   if porciones > 0
***********              ^ 0 
   27    11   begin
***********       ^15 
   28    12    porciones := porciones-1;
***********            ^ 0 -------------
   29    12    write ("niño comiendo, quedan")
***********           ^27 ^28      ^28     ^ 0 
   30    18    sleep(2);
***********        ^ 9 -
   31    18   else
***********      ^20 
   32    18    begin
   33    19     write("Aviso papa no hay comida");
***********           ^27  ^ 0  ^28    ^28    ^28 
   34    25     Nocomida := true;
***********            ^ 0 ------
   35    25     resume (trabajar);
***********                    ^ 0 
   36    25     delay(comida);
***********                ^ 0 
   37    25    end
   38    25   end
   39    25 
   40    25  rutina Padre
***********       ^28 ---
   41    25   repeat
***********        ^ 9 
   42    26    delay(trabajar) {trabajando}
***********                 ^ 0 
   43    26    if NoComida
***********     ^ 9      ^ 0 
   44    26     ponComida
***********             ^28 
   45    27     Avisamos niño -> resume(comida)
***********            ^28  ^28        ^ 3   ^ 0 
   46    32    if despertar
***********     ^15       ^ 0 
   47    34     Despertamos niño
***********               ^28  ^28 
   48    37   forever
***********         ^28 
   49    38 
   50    38  procedure dormir
***********          ^15 
 Error diagnostics

E0 -  undeclared identifier
E3 -  type error
E9 -  ';' expected
E15 -  'then' expected
E20 -  'end' expected
E27 -  illegal character
E28 -  unexpected symbol



Symbol table

    name       link      objekt       type         ref      nrm  lev  adr  aux

 45 _main        44     procedure   notyp           2      True    0   26    0
 46 any           0     variable    synch           0      True    1    5    0
 47 juega        46     procedure   notyp           3      True    1    0    0
 48 come         47     procedure   notyp           4      True    1    9    0

Generated P-code

    0     ldval        0         0          ;20
    1     wrval        0         0          ;20
    2     wrlin        0         0          ;20
    3     ldcon.i      0         5          ;21
    4     stfun.i      0        19          ;21
    5     ldcon.i      0         2          ;21
    6     addop.i      0         0          ;21
    7     sleep        0         0          ;21
    8     rproc        0         0          ;21
    9     ldval        0         0          ;26
   10     ldcon.i      0         0          ;26
   11     jmpiz        0        19          ;26
   12     ldval        0         0          ;29
   13     ldval        0         0          ;29
   14     ldval        0         0          ;29
   15     wrval        0         0          ;29
   16     ldval        0         0          ;29
   17     wrval        0         0          ;29
   18     jmpuc        0        25          ;30
   19     ldval        0         0          ;33
   20     ldval        0         0          ;33
   21     ldval        0         0          ;33
   22     ldval        0         0          ;33
   23     ldval        0         0          ;33
   24     wrval        0         0          ;33
   25     rproc        0         0          ;40
   26     ldval        0         0          ;43
   27     ldval        0         0          ;43
   28     ldval        0         0          ;44
   29     ldval        0         0          ;45
   30     ldval        0         0          ;45
   31     ldval        0         0          ;45
   32     relgt        0         0          ;45
   33     jmpiz        0        39          ;45
   34     ldval        0         0          ;46
   35     ldval        0         0          ;46
   36     ldval        0         0          ;47
   37     ldval        0         0          ;47
   38     jmpiz        0        39          ;47
   39     stopx        0         0          ;47
