- Pascal-FC for IBM PC compatibles - 
- GNU Compiler Version P5.2

G L Davies  &  A Burns, University of York

Compiler listing

    1     0 program Dekker;
    2     0 
    3     0 (*process p1;
    4     0  begin
    5     0   repeat
    6     0   
    7     0   flag1:=true;
    8     0   while flag2 do
    9     0    if turno = 2 then
   10     0    begin
   11     0     flag1:=false;
   12     0     while turno=2 do;
   13     0     flag1 := true;
   14     0    end;
   15     0 
   16     0 
   17     0   writeLN('SECCION CRITICA ');
   18     0   
   19     0   
   20     0   turno:= 2;
   21     0   flag1:= false;
   22     0  forever
   23     0 end;*)
   24     0 
   25     0 
   26     0 
   27     0 var total,turno: integer;
   28     0  flag1, flag2:boolean;
   29     0  
   30     0 process P1;
   31     0  var i:integer;
   32     0  begin
   33     0   for i:=1 to 20 do
   34     4   begin
   35     4   write('1 cede|');
   36     6   flag1:=true;
   37     9   while flag2 do
   38    11    if turno = 2 then
   39    15    begin
   40    15     flag1:=false;
   41    18     while turno=2 do;(*Do nothing*)
   42    23     flag1 := true;
   43    26    end;
   44    27    total:= total +1;
   45    32   turno:= 2;
   46    35   flag1:= false;
   47    38   end;
   48    39  end;
   49    40   
   50    40 process P2;
   51    40  var i:integer;
   52    40  begin
   53    40   for i:=1 to 20 do
   54    44   begin
   55    44   write('2 cede|');
   56    46   flag2:=true;
   57    49   while flag1 do
   58    51    if turno = 1 then
   59    55    begin
   60    55     flag2:=false;
   61    58     while turno=1 do;(*Do nothing*)
   62    63     flag2 := true;
   63    66    end;
   64    67     total:= total+1;
   65    72   turno:= 1;
   66    75   flag2:= false;
   67    78   end;
   68    79  end;
   69    80   (*La ejecución de este programa falla porque 
   70    80   puede ser que ambos pregunten a la vez y por lo tanto ambos entren*)
   71    80 
   72    80 begin
   73    80  total:= 0;
   74    83  turno:= 1;
   75    86  cobegin
   76    87   p1;
   77    91   p2;
   78    95  coend;
   79    96  writeln(' ');
   80    99  write(total);
   81   101 end.



Symbol table

    name       link      objekt       type         ref      nrm  lev  adr  aux

 45 _main        44     procedure   notyp           2      True    0   80    0
 46 any           0     variable    synch           0      True    1    5    0
 47 total        46     variable    integer         0      True    1    5    0
 48 turno        47     variable    integer         0      True    1    6    0
 49 flag1        48     variable    boolean         0      True    1    7    0
 50 flag2        49     variable    boolean         0      True    1    8    0
 51 p1           50     variable    process         3      True    1    9    0
 52 $            51     type id     process         3      True    1    0    0
 53 i             0     variable    integer         0      True    2    5    0
 54 p2           52     variable    process         4      True    1   10    0
 55 $            54     type id     process         4      True    1   40    0
 56 i             0     variable    integer         0      True    2    5    0

Generated P-code

    0     ldadr        2         5          ;32
    1     ldcon.i      0         1          ;33
    2     ldcon.i      0        20          ;33
    3     for1u.i      0        39          ;33
    4     ldcon.i      0         7          ;35
    5     wrstr        0         0          ;35
    6     ldadr        1         7          ;35
    7     ldcon.b      0         1          ;36
    8     store.b      0         0          ;36
    9     ldval.b      1         8          ;37
   10     jmpiz        0        27          ;37
   11     ldval.i      1         6          ;38
   12     ldcon.i      0         2          ;38
   13     releq.i      0         0          ;38
   14     jmpiz        0        26          ;38
   15     ldadr        1         7          ;39
   16     ldcon.b      0         0          ;40
   17     store.b      0         0          ;40
   18     ldval.i      1         6          ;41
   19     ldcon.i      0         2          ;41
   20     releq.i      0         0          ;41
   21     jmpiz        0        23          ;41
   22     jmpuc        0        18          ;41
   23     ldadr        1         7          ;41
   24     ldcon.b      0         1          ;42
   25     store.b      0         0          ;42
   26     jmpuc        0         9          ;42
   27     ldadr        1         5          ;43
   28     ldval.i      1         5          ;44
   29     ldcon.i      0         1          ;44
   30     addop.i      0         0          ;44
   31     store.i      0         0          ;44
   32     ldadr        1         6          ;44
   33     ldcon.i      0         2          ;45
   34     store.i      0         0          ;45
   35     ldadr        1         7          ;45
   36     ldcon.b      0         0          ;46
   37     store.b      0         0          ;46
   38     for2u.i      0         4          ;46
   39     rproc        1         0          ;47
   40     ldadr        2         5          ;52
   41     ldcon.i      0         1          ;53
   42     ldcon.i      0        20          ;53
   43     for1u.i      0        79          ;53
   44     ldcon.i      0         7          ;55
   45     wrstr        0         7          ;55
   46     ldadr        1         8          ;55
   47     ldcon.b      0         1          ;56
   48     store.b      0         0          ;56
   49     ldval.b      1         7          ;57
   50     jmpiz        0        67          ;57
   51     ldval.i      1         6          ;58
   52     ldcon.i      0         1          ;58
   53     releq.i      0         0          ;58
   54     jmpiz        0        66          ;58
   55     ldadr        1         8          ;59
   56     ldcon.b      0         0          ;60
   57     store.b      0         0          ;60
   58     ldval.i      1         6          ;61
   59     ldcon.i      0         1          ;61
   60     releq.i      0         0          ;61
   61     jmpiz        0        63          ;61
   62     jmpuc        0        58          ;61
   63     ldadr        1         8          ;61
   64     ldcon.b      0         1          ;62
   65     store.b      0         0          ;62
   66     jmpuc        0        49          ;62
   67     ldadr        1         5          ;63
   68     ldval.i      1         5          ;64
   69     ldcon.i      0         1          ;64
   70     addop.i      0         0          ;64
   71     store.i      0         0          ;64
   72     ldadr        1         6          ;64
   73     ldcon.i      0         1          ;65
   74     store.i      0         0          ;65
   75     ldadr        1         8          ;65
   76     ldcon.b      0         0          ;66
   77     store.b      0         0          ;66
   78     for2u.i      0        44          ;66
   79     rproc        1         0          ;67
   80     ldadr        1         5          ;72
   81     ldcon.i      0         0          ;73
   82     store.i      0         0          ;73
   83     ldadr        1         6          ;73
   84     ldcon.i      0         1          ;74
   85     store.i      0         0          ;74
   86     cobeg        0         0          ;74
   87     mkstk        1        52          ;75
   88     ldadr        1         9          ;75
   89     procv        0         0          ;75
   90     calls        1         4          ;75
   91     mkstk        1        55          ;76
   92     ldadr        1        10          ;76
   93     procv        0         0          ;76
   94     calls        1         4          ;76
   95     coend        0         0          ;77
   96     ldcon.c      0        32          ;79
   97     wrval.c      0         0          ;79
   98     wrlin        0         0          ;79
   99     ldval.i      1         5          ;80
  100     wrval.i      0         0          ;80
  101     stopx        0         0          ;80
