- Pascal-FC for IBM PC compatibles - 
- GNU Compiler Version P5.2

G L Davies  &  A Burns, University of York

Compiler listing

    1     0 program Jardin;
    2     0 var ocupacion:integer;
    3     0 process type Ttorno(id:integer);
    4     0  var i:integer;
    5     0  begin
    6     0   for i:=1 to 20 do
    7     4    ocupacion:= ocupacion+1;
    8    10  end;
    9    11 
   10    11 var T1,T2:Ttorno;
   11    11 var i:integer;
   12    11 var p:array [1..10] of Ttorno;
   13    11 begin
   14    11   ocupacion:= 0;
   15    14   cobegin
   16    15    for i:= 1 to 10 do 
   17    19     p[i](0);
   18    27    (*T1(1);*)
   19    27    (*T2(2);*)
   20    27   coend;
   21    28   write(ocupacion);
   22    30 end.



Symbol table

    name       link      objekt       type         ref      nrm  lev  adr  aux

 45 _main        44     procedure   notyp           2      True    0   11    0
 46 any           0     variable    synch           0      True    1    5    0
 47 ocupacion    46     variable    integer         0      True    1    5    0
 48 ttorno       47     type id     process         3      True    1    0    0
 49 id            0     variable    integer         0      True    2    5    0
 50 i            49     variable    integer         0      True    2    6    0
 51 t1           48     variable    process         3      True    1    6    0
 52 t2           51     variable    process         3      True    1    7    0
 53 i            52     variable    integer         0      True    1    8    0
 54 p            53     variable    array           1      True    1    9    0

Generated P-code

    0     ldadr        2         6          ;5
    1     ldcon.i      0         1          ;6
    2     ldcon.i      0        20          ;6
    3     for1u.i      0        10          ;6
    4     ldadr        1         5          ;6
    5     ldval.i      1         5          ;7
    6     ldcon.i      0         1          ;7
    7     addop.i      0         0          ;7
    8     store.i      0         0          ;7
    9     for2u.i      0         4          ;7
   10     rproc        1         0          ;7
   11     ldadr        1         5          ;13
   12     ldcon.i      0         0          ;14
   13     store.i      0         0          ;14
   14     cobeg        0         0          ;14
   15     ldadr        1         8          ;15
   16     ldcon.i      0         1          ;16
   17     ldcon.i      0        10          ;16
   18     for1u.i      0        27          ;16
   19     mkstk        1        48          ;16
   20     ldadr        1         9          ;16
   21     ldval.i      1         8          ;17
   22     ixary.i      0         1          ;17
   23     procv        0         0          ;17
   24     ldcon.i      0         0          ;17
   25     calls        1         5          ;17
   26     for2u.i      0        19          ;17
   27     coend        0         0          ;17
   28     ldval.i      1         5          ;21
   29     wrval.i      0         0          ;21
   30     stopx        0         0          ;21
