- Pascal-FC for IBM PC compatibles - 
- GNU Compiler Version P5.2

G L Davies  &  A Burns, University of York

Compiler listing

    1     0 program JardinTurnos;
    2     0 var total: integer;
    3     0  turno1: boolean;
    4     0  
    5     0 process P1;
    6     0 var i : integer;
    7     0 begin
    8     0  for i:= 1 to 20 do
    9     4  begin
   10     4   while NOT turno1 do;
   11     8   total:= total+1;
   12    13   turno1 := false;
   13    16  end;
   14    17 end;
   15    18   
   16    18 process P2;
   17    18 var i : integer;
   18    18 begin
   19    18  for i:=1 to 20 do
   20    22  begin
   21    22   while turno1 do;
   22    25   total:= total +1;
   23    30   turno1 := true;
   24    33  end; 
   25    34 end;
   26    35   
   27    35 begin
   28    35  total:=0;
   29    38  turno1 := true;
   30    41  cobegin
   31    42   p1;
   32    46   p2;
   33    50  coend;
   34    51  writeln(total);
   35    54 end.



Symbol table

    name       link      objekt       type         ref      nrm  lev  adr  aux

 45 _main        44     procedure   notyp           2      True    0   35    0
 46 any           0     variable    synch           0      True    1    5    0
 47 total        46     variable    integer         0      True    1    5    0
 48 turno1       47     variable    boolean         0      True    1    6    0
 49 p1           48     variable    process         3      True    1    7    0
 50 $            49     type id     process         3      True    1    0    0
 51 i             0     variable    integer         0      True    2    5    0
 52 p2           50     variable    process         4      True    1    8    0
 53 $            52     type id     process         4      True    1   18    0
 54 i             0     variable    integer         0      True    2    5    0

Generated P-code

    0     ldadr        2         5          ;7
    1     ldcon.i      0         1          ;8
    2     ldcon.i      0        20          ;8
    3     for1u.i      0        17          ;8
    4     ldval.b      1         6          ;10
    5     notop.b      0         0          ;10
    6     jmpiz        0         8          ;10
    7     jmpuc        0         4          ;10
    8     ldadr        1         5          ;10
    9     ldval.i      1         5          ;11
   10     ldcon.i      0         1          ;11
   11     addop.i      0         0          ;11
   12     store.i      0         0          ;11
   13     ldadr        1         6          ;11
   14     ldcon.b      0         0          ;12
   15     store.b      0         0          ;12
   16     for2u.i      0         4          ;12
   17     rproc        1         0          ;13
   18     ldadr        2         5          ;18
   19     ldcon.i      0         1          ;19
   20     ldcon.i      0        20          ;19
   21     for1u.i      0        34          ;19
   22     ldval.b      1         6          ;21
   23     jmpiz        0        25          ;21
   24     jmpuc        0        22          ;21
   25     ldadr        1         5          ;21
   26     ldval.i      1         5          ;22
   27     ldcon.i      0         1          ;22
   28     addop.i      0         0          ;22
   29     store.i      0         0          ;22
   30     ldadr        1         6          ;22
   31     ldcon.b      0         1          ;23
   32     store.b      0         0          ;23
   33     for2u.i      0        22          ;23
   34     rproc        1         0          ;24
   35     ldadr        1         5          ;27
   36     ldcon.i      0         0          ;28
   37     store.i      0         0          ;28
   38     ldadr        1         6          ;28
   39     ldcon.b      0         1          ;29
   40     store.b      0         0          ;29
   41     cobeg        0         0          ;29
   42     mkstk        1        50          ;30
   43     ldadr        1         7          ;30
   44     procv        0         0          ;30
   45     calls        1         4          ;30
   46     mkstk        1        53          ;31
   47     ldadr        1         8          ;31
   48     procv        0         0          ;31
   49     calls        1         4          ;31
   50     coend        0         0          ;32
   51     ldval.i      1         5          ;34
   52     wrval.i      0         0          ;34
   53     wrlin        0         0          ;34
   54     stopx        0         0          ;34
