- Pascal-FC for IBM PC compatibles - 
- GNU Compiler Version P5.2

G L Davies  &  A Burns, University of York

Compiler listing

    1     0 program jardiNC;
    2     0 var total: integer;
    3     0  flag1, flag2:boolean;
    4     0  
    5     0 process P1;
    6     0  var i:integer;
    7     0  begin
    8     0   for i:=1 to 20 do
    9     4   begin
   10     4    while flag2 do;
   11     7     flag1:= true;
   12    10     total:=total+1;
   13    15     flag1:= false;
   14    18   end;
   15    19  end;
   16    20   
   17    20 process P2;
   18    20  var i:integer;
   19    20  begin
   20    20   for i:=1 to 20 do
   21    24   begin
   22    24    while flag1 do;
   23    27     flag2:=true;
   24    30     total:=total+1;
   25    35     flag2:=false;
   26    38   end;
   27    39  end;
   28    40   (*La ejecución de este programa falla porque 
   29    40   puede ser que ambos pregunten a la vez y por lo tanto ambos entren*)
   30    40 
   31    40 begin
   32    40  total:= 0;
   33    43  cobegin
   34    44   p1;
   35    48   p2;
   36    52  coend;
   37    53  writeln(total);
   38    56 end.



Symbol table

    name       link      objekt       type         ref      nrm  lev  adr  aux

 45 _main        44     procedure   notyp           2      True    0   40    0
 46 any           0     variable    synch           0      True    1    5    0
 47 total        46     variable    integer         0      True    1    5    0
 48 flag1        47     variable    boolean         0      True    1    6    0
 49 flag2        48     variable    boolean         0      True    1    7    0
 50 p1           49     variable    process         3      True    1    8    0
 51 $            50     type id     process         3      True    1    0    0
 52 i             0     variable    integer         0      True    2    5    0
 53 p2           51     variable    process         4      True    1    9    0
 54 $            53     type id     process         4      True    1   20    0
 55 i             0     variable    integer         0      True    2    5    0

Generated P-code

    0     ldadr        2         5          ;7
    1     ldcon.i      0         1          ;8
    2     ldcon.i      0        20          ;8
    3     for1u.i      0        19          ;8
    4     ldval.b      1         7          ;10
    5     jmpiz        0         7          ;10
    6     jmpuc        0         4          ;10
    7     ldadr        1         6          ;10
    8     ldcon.b      0         1          ;11
    9     store.b      0         0          ;11
   10     ldadr        1         5          ;11
   11     ldval.i      1         5          ;12
   12     ldcon.i      0         1          ;12
   13     addop.i      0         0          ;12
   14     store.i      0         0          ;12
   15     ldadr        1         6          ;12
   16     ldcon.b      0         0          ;13
   17     store.b      0         0          ;13
   18     for2u.i      0         4          ;13
   19     rproc        1         0          ;14
   20     ldadr        2         5          ;19
   21     ldcon.i      0         1          ;20
   22     ldcon.i      0        20          ;20
   23     for1u.i      0        39          ;20
   24     ldval.b      1         6          ;22
   25     jmpiz        0        27          ;22
   26     jmpuc        0        24          ;22
   27     ldadr        1         7          ;22
   28     ldcon.b      0         1          ;23
   29     store.b      0         0          ;23
   30     ldadr        1         5          ;23
   31     ldval.i      1         5          ;24
   32     ldcon.i      0         1          ;24
   33     addop.i      0         0          ;24
   34     store.i      0         0          ;24
   35     ldadr        1         7          ;24
   36     ldcon.b      0         0          ;25
   37     store.b      0         0          ;25
   38     for2u.i      0        24          ;25
   39     rproc        1         0          ;26
   40     ldadr        1         5          ;31
   41     ldcon.i      0         0          ;32
   42     store.i      0         0          ;32
   43     cobeg        0         0          ;32
   44     mkstk        1        51          ;33
   45     ldadr        1         8          ;33
   46     procv        0         0          ;33
   47     calls        1         4          ;33
   48     mkstk        1        54          ;34
   49     ldadr        1         9          ;34
   50     procv        0         0          ;34
   51     calls        1         4          ;34
   52     coend        0         0          ;35
   53     ldval.i      1         5          ;37
   54     wrval.i      0         0          ;37
   55     wrlin        0         0          ;37
   56     stopx        0         0          ;37
